<?xml version="1.0" encoding="UTF-8"?>
<testsuite name="com.songc.core.image.TiffImageTest" time="0.433" tests="6" errors="6" skipped="0" failures="0">
  <properties>
[...]
</properties>
  <testcase name="getBufferedImage" classname="com.songc.core.image.TiffImageTest" time="0.001">
    <error message="F:\Download\software\彩图\1011165442.tiff (No such file or directory)" type="java.io.FileNotFoundException"><![CDATA[java.io.FileNotFoundException: F:\Download\software\彩图\1011165442.tiff (No such file or directory)
	at java.io.FileInputStream.open0(Native Method)
	at java.io.FileInputStream.open(FileInputStream.java:195)
	at java.io.FileInputStream.<init>(FileInputStream.java:138)
	at com.songc.core.image.TiffImageTest.getBufferedImage(TiffImageTest.java:49)
]]></error>
  </testcase>
  <testcase name="getPng" classname="com.songc.core.image.TiffImageTest" time="0">
    <error message="F:\Download\software\彩图\1011165442.tiff (No such file or directory)" type="java.io.FileNotFoundException"><![CDATA[java.io.FileNotFoundException: F:\Download\software\彩图\1011165442.tiff (No such file or directory)
	at java.io.FileInputStream.open0(Native Method)
	at java.io.FileInputStream.open(FileInputStream.java:195)
	at java.io.FileInputStream.<init>(FileInputStream.java:138)
	at com.songc.core.image.TiffImageTest.getPng(TiffImageTest.java:83)
]]></error>
  </testcase>
  <testcase name="getGray" classname="com.songc.core.image.TiffImageTest" time="0.432">
    <error message="Can&apos;t read input file!" type="javax.imageio.IIOException">javax.imageio.IIOException: Can't read input file!
	at javax.imageio.ImageIO.read(ImageIO.java:1301)
	at com.songc.core.image.TiffImageTest.getGray(TiffImageTest.java:39)
</error>
  </testcase>
  <testcase name="test" classname="com.songc.core.image.TiffImageTest" time="0">
    <error message="Can&apos;t read input file!" type="javax.imageio.IIOException">javax.imageio.IIOException: Can't read input file!
	at javax.imageio.ImageIO.read(ImageIO.java:1301)
	at com.songc.core.image.TiffImageTest.test(TiffImageTest.java:25)
</error>
  </testcase>
  <testcase name="getAllRegionGrayAverage" classname="com.songc.core.image.TiffImageTest" time="0">
    <error message="F:\Download\software\彩图\1011165442.tiff (No such file or directory)" type="java.io.FileNotFoundException"><![CDATA[java.io.FileNotFoundException: F:\Download\software\彩图\1011165442.tiff (No such file or directory)
	at java.io.FileInputStream.open0(Native Method)
	at java.io.FileInputStream.open(FileInputStream.java:195)
	at java.io.FileInputStream.<init>(FileInputStream.java:138)
	at com.songc.core.image.TiffImageTest.getAllRegionGrayAverage(TiffImageTest.java:99)
]]></error>
  </testcase>
  <testcase name="getRegionGaryAveage" classname="com.songc.core.image.TiffImageTest" time="0">
    <error message="Can&apos;t read input file!" type="javax.imageio.IIOException">javax.imageio.IIOException: Can't read input file!
	at javax.imageio.ImageIO.read(ImageIO.java:1301)
	at com.songc.core.image.TiffImageTest.getRegionGaryAveage(TiffImageTest.java:64)
</error>
  </testcase>
</testsuite>