<?xml version="1.0" encoding="UTF-8"?>
<testsuite name="com.songc.service.imp.ImageAnalysisServiceImplTest" time="0.01" tests="2" errors="2" skipped="0" failures="0">
  <properties>
[...]
</properties>
  <testcase name="multiRegion" classname="com.songc.service.imp.ImageAnalysisServiceImplTest" time="0.008">
    <error type="java.lang.NullPointerException:"><![CDATA[java.lang.NullPointerException: null
	at java.util.Arrays.stream(Arrays.java:5004)
	at com.songc.service.imp.ImageAnalysisServiceImplTest.<init>(ImageAnalysisServiceImplTest.java:43)
]]></error>
    <system-out><![CDATA[2019-08-22 13:14:15.721  INFO 14335 --- [           main] .b.t.c.SpringBootTestContextBootstrapper : Neither @ContextConfiguration nor @ContextHierarchy found for test class [com.songc.service.imp.ImageAnalysisServiceImplTest], using SpringBootContextLoader
2019-08-22 13:14:15.722  INFO 14335 --- [           main] o.s.t.c.support.AbstractContextLoader    : Could not detect default resource locations for test class [com.songc.service.imp.ImageAnalysisServiceImplTest]: no resource found for suffixes {-context.xml, Context.groovy}.
2019-08-22 13:14:15.722  INFO 14335 --- [           main] t.c.s.AnnotationConfigContextLoaderUtils : Could not detect default configuration classes for test class [com.songc.service.imp.ImageAnalysisServiceImplTest]: ImageAnalysisServiceImplTest does not declare any static, non-private, non-final, nested classes annotated with @Configuration.
2019-08-22 13:14:15.726  INFO 14335 --- [           main] .b.t.c.SpringBootTestContextBootstrapper : Found @SpringBootConfiguration com.songc.DemoApplication for test class com.songc.service.imp.ImageAnalysisServiceImplTest
2019-08-22 13:14:15.728  INFO 14335 --- [           main] .b.t.c.SpringBootTestContextBootstrapper : Loaded default TestExecutionListener class names from location [META-INF/spring.factories]: [org.springframework.boot.test.mock.mockito.MockitoTestExecutionListener, org.springframework.boot.test.mock.mockito.ResetMocksTestExecutionListener, org.springframework.boot.test.autoconfigure.restdocs.RestDocsTestExecutionListener, org.springframework.boot.test.autoconfigure.web.client.MockRestServiceServerResetTestExecutionListener, org.springframework.boot.test.autoconfigure.web.servlet.MockMvcPrintOnlyOnFailureTestExecutionListener, org.springframework.boot.test.autoconfigure.web.servlet.WebDriverTestExecutionListener, org.springframework.test.context.web.ServletTestExecutionListener, org.springframework.test.context.support.DirtiesContextBeforeModesTestExecutionListener, org.springframework.test.context.support.DependencyInjectionTestExecutionListener, org.springframework.test.context.support.DirtiesContextTestExecutionListener, org.springframework.test.context.transaction.TransactionalTestExecutionListener, org.springframework.test.context.jdbc.SqlScriptsTestExecutionListener]
2019-08-22 13:14:15.730  INFO 14335 --- [           main] .b.t.c.SpringBootTestContextBootstrapper : Using TestExecutionListeners: [org.springframework.test.context.web.ServletTestExecutionListener@60783105, org.springframework.test.context.support.DirtiesContextBeforeModesTestExecutionListener@1292071f, org.springframework.boot.test.autoconfigure.SpringBootDependencyInjectionTestExecutionListener@35d5ac51, org.springframework.test.context.support.DirtiesContextTestExecutionListener@b606cb6, org.springframework.test.context.transaction.TransactionalTestExecutionListener@2a3194c6, org.springframework.test.context.jdbc.SqlScriptsTestExecutionListener@2819c460, org.springframework.boot.test.autoconfigure.restdocs.RestDocsTestExecutionListener@30364216, org.springframework.boot.test.autoconfigure.web.client.MockRestServiceServerResetTestExecutionListener@38bb9d7a, org.springframework.boot.test.autoconfigure.web.servlet.WebDriverTestExecutionListener@1e8ab90f, org.springframework.boot.test.mock.mockito.MockitoTestExecutionListener@78d6447a, org.springframework.boot.test.mock.mockito.ResetMocksTestExecutionListener@7a729f84, org.springframework.boot.test.autoconfigure.web.servlet.MockMvcPrintOnlyOnFailureTestExecutionListener@1e469dfd]
]]></system-out>
  </testcase>
  <testcase name="singleRegion" classname="com.songc.service.imp.ImageAnalysisServiceImplTest" time="0.002">
    <error type="java.lang.NullPointerException:"><![CDATA[java.lang.NullPointerException: null
	at java.util.Arrays.stream(Arrays.java:5004)
	at com.songc.service.imp.ImageAnalysisServiceImplTest.<init>(ImageAnalysisServiceImplTest.java:43)
]]></error>
  </testcase>
</testsuite>